<?xml version="1.0" encoding="UTF-8"?>
<!-- Generated by org.testng.reporters.JUnitReportReporter -->
<testsuite hostname="MMDT9WLRWCXNV" failures="0" tests="1" name="RestAssuredAPI_Framework.RestAssuredAPI_Framework.AppTest" time="0.018" errors="0" timestamp="2023-07-14T22:36:40 IST" skipped="0">
  <testcase classname="RestAssuredAPI_Framework.RestAssuredAPI_Framework.AppTest" name="shouldAnswerWithTrue" time="0.018"/>
</testsuite> <!-- RestAssuredAPI_Framework.RestAssuredAPI_Framework.AppTest -->
